D__45__SEDOHEPTULOSE__45__1__45__7__45__P2_c	D-SEDOHEPTULOSE-1,7-BISPHOSPHATE (matching json_id not found)
RIBOSE__45__5P_c	ALPHA-D-RIBOSE_5-PHOSPHATE
XYLULOSE__45__5__45__PHOSPHATE_c	D-XYLULOSE_5-PHOSPHATE
D__45__RIBULOSE__45__15__45__P2_c	D-RIBULOSE-1,5-BISPHOSPHATE (matching json_id not found)
CTP_c	CTP
CDP_c	CDP
ACYL__45__COA_c	AN_ACYL-COA (matching json_id not found)
PHOSPHATIDYLCHOLINE_c	A_PHOSPHATIDYLCHOLINE (matching json_id not found)
_2__45__Lysophosphatidylcholines_c	A_1-ACYL-SN-GLYCERO-3-PHOSPHOCHOLINE (matching json_id not found)
Long__45__Chain__45__Acyl__45__CoAs_c	A_LONG-CHAIN_ACYL-COA (matching json_id not found)
ACYL__45__SN__45__GLYCEROL__45__3P_c	A_1-ACYL-SN-GLYCEROL_3-PHOSPHATE (matching json_id not found)
L__45__PHOSPHATIDATE_c	A_1,2-DIACYL-SN-GLYCEROL_3-PHOSPHATE (matching json_id not found)
DIACYLGLYCEROL_c	A_1,2-DIACYL-SN-GLYCEROL (matching json_id not found)
Triacylglycerols_c	A_TRIACYL-SN-GLYCEROL (matching json_id not found)
CPD__45__409_c	A_2-ACYLGLYCEROL (matching json_id not found)
GLYCEROL__45__3P_CCO__45__IN	GLYCEROL_1-PHOSPHATE
DIHYDROXY__45__ACETONE__45__PHOSPHATE_CCO__45__IN	GLYCERONE_PHOSPHATE
GLYCEROL__45__3P_c	GLYCEROL_1-PHOSPHATE
DIHYDROXY__45__ACETONE__45__PHOSPHATE_c	GLYCERONE_PHOSPHATE
AMP_c	AMP
DPG_c	3-PHOSPHO-D-GLYCEROYL_PHOSPHATE
FRUCTOSE__45__16__45__DIPHOSPHATE_c	FRUCTOSE_1,6-BISPHOSPHATE (matching json_id not found)
PHOSPHO__45__ENOL__45__PYRUVATE_c	PHOSPHOENOLPYRUVATE
_2__45__PG_c	2-PHOSPHO-D-GLYCERATE
G3P_c	3-PHOSPHO-D-GLYCERATE
D__45__glucopyranose__45__6__45__phosphate_c	D-GLUCOPYRANOSE_6-PHOSPHATE (matching json_id not found)
NADP_c	NADP+
RIBULOSE__45__5P_c	D-RIBULOSE_5-PHOSPHATE
NADPH_c	NADPH
D__45__6__45__P__45__GLUCONO__45__DELTA__45__LACTONE_c	6-PHOSPHO_D-GLUCONO-1,5-LACTONE (matching json_id not found)
CPD__45__2961_c	D-GLUCONATE_6-PHOSPHATE (matching json_id not found)
D__45__SEDOHEPTULOSE__45__7__45__P_c	SEDOHEPTULOSE_7-PHOSPHATE
GAP_c	D-GLYCERALDEHYDE_3-PHOSPHATE
FRUCTOSE__45__6P_c	BETA-D-FRUCTOFURANOSE_6-PHOSPHATE (matching json_id not found)
ERYTHROSE__45__4P_c	D-ERYTHROSE_4-PHOSPHATE
Oxidized__45__Plastocyanins_CCO__45__IN	AN_OXIDIZED_PLASTOCYANIN (matching json_id not found)
Plastocyanin__45__Reduced_CCO__45__IN	A_REDUCED_PLASTOCYANIN (matching json_id not found)
Reduced__45__ferredoxins_CCO__45__OUT	A_REDUCED_FERREDOXIN_[IRON-SULFUR]_CLUSTER (matching json_id not found)
NADP_CCO__45__IN	NADP+
Oxidized__45__ferredoxins_CCO__45__OUT	AN_OXIDIZED_FERREDOXIN_[IRON-SULFUR]_CLUSTER (matching json_id not found)
NADPH_CCO__45__IN	NADPH
Plastoquinols_c	A_PLASTOQUINOL (matching json_id not found)
PROTON_CCO__45__IN	H+
OXYGEN__45__MOLECULE_CCO__45__IN	OXYGEN
Light_c	HNU (matching json_id not found)
PLASTOQUINONE_c	A_PLASTOQUINONE (matching json_id not found)
PROTON_CCO__45__OUT	H+
WATER_CCO__45__IN	H2O
PYRUVATE_c	PYRUVATE
Pyruvate__45__dehydrogenase__45__acetylDHlipoyl_c	A_[PYRUVATE_DEHYDROGENASE_E2_PROTEIN]_N6-S-ACETYLDIHYDROLIPOYL-L-LYSINE (matching json_id not found)
Pyruvate__45__dehydrogenase__45__dihydrolipoate_c	A_[PYRUVATE_DEHYDROGENASE_E2_PROTEIN]_N6-DIHYDROLIPOYL-L-LYSINE (matching json_id not found)
Pyruvate__45__dehydrogenase__45__lipoate_c	A_[PYRUVATE_DEHYDROGENASE_E2_PROTEIN]_N6-LIPOYL-L-LYSINE (matching json_id not found)
ETR__45__Quinones_c	AN_ELECTRON-TRANSFER_QUINONE (matching json_id not found)
SUC_CCO__45__IN	SUCCINATE
ETR__45__Quinols_c	AN_ELECTRON-TRANSFER_QUINOL (matching json_id not found)
FUM_CCO__45__IN	FUMARATE
SUC_c	SUCCINATE
ATP_c	ATP
ADP_c	ADP
Pi_c	ORTHOPHOSPHATE
ACETYL__45__COA_c	ACETYL-COA
CIT_c	CITRATE
CIS__45__ACONITATE_c	CIS-ACONITATE
THREO__45__DS__45__ISO__45__CITRATE_c	D-THREO-ISOCITRATE (matching json_id not found)
_2__45__KETOGLUTARATE_c	2-OXOGLUTARATE
CO__45__A_c	COA
SUC__45__COA_c	SUCCINYL-COA
CARBON__45__DIOXIDE_c	CO2
NAD_c	NAD+
PROTON_c	H+
OXALACETIC_ACID_c	OXALOACETATE
NADH_c	NADH
MAL_c	MALATE
FUM_c	FUMARATE
WATER_c	H2O
